{"level":40,"time":1659397419268,"pid":5056,"hostname":"DESKTOP-E5D7Q7V","msg":"GET /infow not found"}
{"level":40,"time":1659987246576,"pid":1296,"hostname":"DESKTOP-E5D7Q7V","msg":"GET / not found"}
{"level":40,"time":1659987246828,"pid":1296,"hostname":"DESKTOP-E5D7Q7V","msg":"GET /favicon.ico not found"}
{"level":40,"time":1659987628670,"pid":20332,"hostname":"DESKTOP-E5D7Q7V","msg":"GET / not found"}
{"level":40,"time":1660596192099,"pid":5664,"hostname":"DESKTOP-E5D7Q7V","msg":"GET /favicon.ico not found"}
{"level":40,"time":1660600298143,"pid":6456,"hostname":"DESKTOP-E5D7Q7V","msg":"GET /app/css not found"}
{"level":40,"time":1660600304917,"pid":6456,"hostname":"DESKTOP-E5D7Q7V","msg":"GET /app/css/styles.css not found"}
{"level":40,"time":1660600310326,"pid":6456,"hostname":"DESKTOP-E5D7Q7V","msg":"GET /app/styles.css not found"}
{"level":40,"time":1660614207666,"pid":4532,"hostname":"DESKTOP-E5D7Q7V","msg":"GET /cart.js not found"}
{"level":40,"time":1660614457043,"pid":11064,"hostname":"DESKTOP-E5D7Q7V","msg":"GET /cart.js not found"}
{"level":40,"time":1660614877012,"pid":18128,"hostname":"DESKTOP-E5D7Q7V","msg":"GET /cart.js not found"}
{"level":40,"time":1660615081012,"pid":4276,"hostname":"DESKTOP-E5D7Q7V","msg":"GET /cart.js not found"}
{"level":40,"time":1660615137320,"pid":17488,"hostname":"DESKTOP-E5D7Q7V","msg":"GET /cart.js not found"}
{"level":40,"time":1660615429309,"pid":9980,"hostname":"DESKTOP-E5D7Q7V","msg":"GET /cart.js not found"}
{"level":40,"time":1660662026062,"pid":15144,"hostname":"DESKTOP-E5D7Q7V","msg":"GET /favicon.ico not found"}
{"level":40,"time":1660677148980,"pid":9428,"hostname":"DESKTOP-E5D7Q7V","msg":"Table products already exists"}
{"level":40,"time":1660677179389,"pid":3836,"hostname":"DESKTOP-E5D7Q7V","msg":"Table products already exists"}
{"level":40,"time":1660677315510,"pid":16492,"hostname":"DESKTOP-E5D7Q7V","msg":"Table products already exists"}
{"level":40,"time":1660677426091,"pid":1948,"hostname":"DESKTOP-E5D7Q7V","msg":"Table products already exists"}
{"level":40,"time":1660677479551,"pid":728,"hostname":"DESKTOP-E5D7Q7V","msg":"Table products already exists"}
{"level":40,"time":1660677666827,"pid":15016,"hostname":"DESKTOP-E5D7Q7V","msg":"Table products already exists"}
{"level":40,"time":1660677702946,"pid":16896,"hostname":"DESKTOP-E5D7Q7V","msg":"Table products already exists"}
{"level":40,"time":1660677817165,"pid":14036,"hostname":"DESKTOP-E5D7Q7V","msg":"Table products already exists"}
{"level":40,"time":1660677924781,"pid":17636,"hostname":"DESKTOP-E5D7Q7V","msg":"Table products already exists"}
{"level":40,"time":1660677960828,"pid":16892,"hostname":"DESKTOP-E5D7Q7V","msg":"Table products already exists"}
{"level":40,"time":1660678731647,"pid":11884,"hostname":"DESKTOP-E5D7Q7V","msg":"Table products already exists"}
{"level":40,"time":1660682396774,"pid":16560,"hostname":"DESKTOP-E5D7Q7V","msg":"Table products already exists"}
{"level":40,"time":1660682471930,"pid":16472,"hostname":"DESKTOP-E5D7Q7V","msg":"Table products already exists"}
{"level":40,"time":1660682609975,"pid":11940,"hostname":"DESKTOP-E5D7Q7V","msg":"Table products already exists"}
{"level":40,"time":1660682819846,"pid":10276,"hostname":"DESKTOP-E5D7Q7V","msg":"Table products already exists"}
{"level":40,"time":1660682889584,"pid":6972,"hostname":"DESKTOP-E5D7Q7V","msg":"Table products already exists"}
{"level":40,"time":1660683421818,"pid":2436,"hostname":"DESKTOP-E5D7Q7V","msg":"Table products already exists"}
{"level":40,"time":1660683582216,"pid":3908,"hostname":"DESKTOP-E5D7Q7V","msg":"Table products already exists"}
{"level":40,"time":1660683818896,"pid":12964,"hostname":"DESKTOP-E5D7Q7V","msg":"Table products already exists"}
{"level":40,"time":1660685290815,"pid":10276,"hostname":"DESKTOP-E5D7Q7V","msg":"Table products already exists"}
{"level":40,"time":1660685442936,"pid":12984,"hostname":"DESKTOP-E5D7Q7V","msg":"Table products already exists"}
{"level":40,"time":1660685478262,"pid":16448,"hostname":"DESKTOP-E5D7Q7V","msg":"Table products already exists"}
{"level":40,"time":1660685748366,"pid":18100,"hostname":"DESKTOP-E5D7Q7V","msg":"Table products already exists"}
{"level":40,"time":1660688960446,"pid":9968,"hostname":"DESKTOP-E5D7Q7V","msg":"Table products already exists"}
{"level":40,"time":1660688995697,"pid":9968,"hostname":"DESKTOP-E5D7Q7V","msg":"GET /app/checkout not found"}
{"level":40,"time":1660689668755,"pid":10556,"hostname":"DESKTOP-E5D7Q7V","msg":"Table products already exists"}
{"level":40,"time":1660689774364,"pid":10556,"hostname":"DESKTOP-E5D7Q7V","msg":"GET /app/checkout not found"}
{"level":40,"time":1660689960640,"pid":7584,"hostname":"DESKTOP-E5D7Q7V","msg":"Table products already exists"}
{"level":40,"time":1660689992749,"pid":7584,"hostname":"DESKTOP-E5D7Q7V","msg":"GET /app/cart/checkout/callback not found"}
{"level":40,"time":1660690837753,"pid":15672,"hostname":"DESKTOP-E5D7Q7V","msg":"Table products already exists"}
{"level":40,"time":1660691006651,"pid":11744,"hostname":"DESKTOP-E5D7Q7V","msg":"Table products already exists"}
{"level":40,"time":1660693223568,"pid":13500,"hostname":"DESKTOP-E5D7Q7V","msg":"Table products already exists"}
{"level":40,"time":1660693421938,"pid":16332,"hostname":"DESKTOP-E5D7Q7V","msg":"Table products already exists"}
{"level":40,"time":1660693706296,"pid":5128,"hostname":"DESKTOP-E5D7Q7V","msg":"Table products already exists"}
{"level":40,"time":1660695196768,"pid":948,"hostname":"DESKTOP-E5D7Q7V","msg":"Table products already exists"}
{"level":40,"time":1660695484794,"pid":10300,"hostname":"DESKTOP-E5D7Q7V","msg":"Table products already exists"}
{"level":40,"time":1660695641667,"pid":14688,"hostname":"DESKTOP-E5D7Q7V","msg":"Table products already exists"}
{"level":40,"time":1660695752138,"pid":11812,"hostname":"DESKTOP-E5D7Q7V","msg":"Table products already exists"}
{"level":40,"time":1660695895549,"pid":3512,"hostname":"DESKTOP-E5D7Q7V","msg":"Table products already exists"}
{"level":40,"time":1660696022759,"pid":4052,"hostname":"DESKTOP-E5D7Q7V","msg":"Table products already exists"}
{"level":40,"time":1660696420006,"pid":12900,"hostname":"DESKTOP-E5D7Q7V","msg":"Table products already exists"}
{"level":40,"time":1660696950440,"pid":10616,"hostname":"DESKTOP-E5D7Q7V","msg":"Table products already exists"}
{"level":40,"time":1660697379218,"pid":9956,"hostname":"DESKTOP-E5D7Q7V","msg":"Table products already exists"}
{"level":40,"time":1660698213086,"pid":11496,"hostname":"DESKTOP-E5D7Q7V","msg":"Table products already exists"}
{"level":40,"time":1660698608950,"pid":11420,"hostname":"DESKTOP-E5D7Q7V","msg":"Table products already exists"}
{"level":40,"time":1660698916826,"pid":16768,"hostname":"DESKTOP-E5D7Q7V","msg":"Table products already exists"}
{"level":40,"time":1660699723546,"pid":15228,"hostname":"DESKTOP-E5D7Q7V","msg":"Table products already exists"}
{"level":40,"time":1660699909069,"pid":12076,"hostname":"DESKTOP-E5D7Q7V","msg":"Table products already exists"}
{"level":40,"time":1660700275995,"pid":12692,"hostname":"DESKTOP-E5D7Q7V","msg":"Table products already exists"}
{"level":40,"time":1660700292828,"pid":6412,"hostname":"DESKTOP-E5D7Q7V","msg":"Table products already exists"}
{"level":40,"time":1660700292831,"pid":8044,"hostname":"DESKTOP-E5D7Q7V","msg":"Table products already exists"}
{"level":40,"time":1660700293060,"pid":8636,"hostname":"DESKTOP-E5D7Q7V","msg":"Table products already exists"}
{"level":40,"time":1660700293102,"pid":6740,"hostname":"DESKTOP-E5D7Q7V","msg":"Table products already exists"}
{"level":40,"time":1660700430943,"pid":18348,"hostname":"DESKTOP-E5D7Q7V","msg":"Table products already exists"}
{"level":40,"time":1660700450522,"pid":10844,"hostname":"DESKTOP-E5D7Q7V","msg":"Table products already exists"}
{"level":40,"time":1660700450532,"pid":13828,"hostname":"DESKTOP-E5D7Q7V","msg":"Table products already exists"}
{"level":40,"time":1660700450835,"pid":4140,"hostname":"DESKTOP-E5D7Q7V","msg":"Table products already exists"}
{"level":40,"time":1660700450842,"pid":13664,"hostname":"DESKTOP-E5D7Q7V","msg":"Table products already exists"}
{"level":40,"time":1661209063001,"pid":15844,"hostname":"DESKTOP-E5D7Q7V","msg":"Table products already exists"}
{"level":40,"time":1661209076182,"pid":15844,"hostname":"DESKTOP-E5D7Q7V","msg":"GET / not found"}
{"level":40,"time":1661209076412,"pid":15844,"hostname":"DESKTOP-E5D7Q7V","msg":"GET /favicon.ico not found"}
{"level":40,"time":1661209287996,"pid":2428,"hostname":"DESKTOP-E5D7Q7V","msg":"Table products already exists"}
{"level":40,"time":1661209491197,"pid":13168,"hostname":"DESKTOP-E5D7Q7V","msg":"Table products already exists"}
{"level":40,"time":1661211423453,"pid":3700,"hostname":"DESKTOP-E5D7Q7V","msg":"Table products already exists"}
{"level":40,"time":1661211434066,"pid":3700,"hostname":"DESKTOP-E5D7Q7V","msg":"GET / not found"}
{"level":40,"time":1661214482526,"pid":15608,"hostname":"DESKTOP-E5D7Q7V","msg":"Table products already exists"}
{"level":40,"time":1661214490970,"pid":15608,"hostname":"DESKTOP-E5D7Q7V","msg":"GET / not found"}
{"level":40,"time":1661818785812,"pid":13272,"hostname":"DESKTOP-E5D7Q7V","msg":"Table products already exists"}
{"level":40,"time":1661818814687,"pid":13272,"hostname":"DESKTOP-E5D7Q7V","msg":"GET /favicon.ico not found"}
{"level":40,"time":1661818919102,"pid":10668,"hostname":"DESKTOP-E5D7Q7V","msg":"Table products already exists"}
{"level":40,"time":1662407885403,"pid":18112,"hostname":"DESKTOP-E5D7Q7V","msg":"Table products already exists"}
{"level":40,"time":1662407934222,"pid":18112,"hostname":"DESKTOP-E5D7Q7V","msg":"GET /app/info not found"}
{"level":40,"time":1662407934710,"pid":18112,"hostname":"DESKTOP-E5D7Q7V","msg":"GET /favicon.ico not found"}
{"level":40,"time":1662407945444,"pid":18112,"hostname":"DESKTOP-E5D7Q7V","msg":"GET /app/productsTest.js not found"}
{"level":40,"time":1662408186725,"pid":15252,"hostname":"DESKTOP-E5D7Q7V","msg":"Table products already exists"}
{"level":40,"time":1662408199507,"pid":15252,"hostname":"DESKTOP-E5D7Q7V","msg":"GET /app/productsTest.js not found"}
{"level":40,"time":1662408209104,"pid":15252,"hostname":"DESKTOP-E5D7Q7V","msg":"GET /app/productsTest.js not found"}
{"level":40,"time":1662408398073,"pid":2676,"hostname":"DESKTOP-E5D7Q7V","msg":"Table products already exists"}
{"level":40,"time":1662416867030,"pid":11884,"hostname":"DESKTOP-E5D7Q7V","msg":"Table products already exists"}
{"level":40,"time":1662417028811,"pid":16244,"hostname":"DESKTOP-E5D7Q7V","msg":"Table products already exists"}
{"level":40,"time":1662417082980,"pid":13660,"hostname":"DESKTOP-E5D7Q7V","msg":"Table products already exists"}
{"level":40,"time":1662417338705,"pid":7324,"hostname":"DESKTOP-E5D7Q7V","msg":"Table products already exists"}
{"level":40,"time":1662417538114,"pid":16572,"hostname":"DESKTOP-E5D7Q7V","msg":"Table products already exists"}
{"level":40,"time":1662417604573,"pid":4800,"hostname":"DESKTOP-E5D7Q7V","msg":"Table products already exists"}
{"level":40,"time":1662417663340,"pid":16280,"hostname":"DESKTOP-E5D7Q7V","msg":"Table products already exists"}
{"level":40,"time":1662417810833,"pid":2428,"hostname":"DESKTOP-E5D7Q7V","msg":"Table products already exists"}
{"level":40,"time":1662417990107,"pid":13232,"hostname":"DESKTOP-E5D7Q7V","msg":"Table products already exists"}
{"level":40,"time":1662418803025,"pid":4824,"hostname":"DESKTOP-E5D7Q7V","msg":"Table products already exists"}
{"level":40,"time":1662419030964,"pid":16100,"hostname":"DESKTOP-E5D7Q7V","msg":"Table products already exists"}
{"level":40,"time":1662419237117,"pid":16604,"hostname":"DESKTOP-E5D7Q7V","msg":"Table products already exists"}
{"level":40,"time":1662419392361,"pid":2112,"hostname":"DESKTOP-E5D7Q7V","msg":"Table products already exists"}
{"level":40,"time":1662419486637,"pid":356,"hostname":"DESKTOP-E5D7Q7V","msg":"Table products already exists"}
{"level":40,"time":1662420570062,"pid":5248,"hostname":"DESKTOP-E5D7Q7V","msg":"Table products already exists"}
{"level":40,"time":1662420956139,"pid":19064,"hostname":"DESKTOP-E5D7Q7V","msg":"Table products already exists"}
{"level":40,"time":1662421115095,"pid":10456,"hostname":"DESKTOP-E5D7Q7V","msg":"Table products already exists"}
{"level":40,"time":1662421130388,"pid":3300,"hostname":"DESKTOP-E5D7Q7V","msg":"Table products already exists"}
{"level":40,"time":1662421175767,"pid":3300,"hostname":"DESKTOP-E5D7Q7V","msg":"DELETE /app/products/ not found"}
{"level":40,"time":1662421249653,"pid":5384,"hostname":"DESKTOP-E5D7Q7V","msg":"Table products already exists"}
{"level":40,"time":1662421985692,"pid":12692,"hostname":"DESKTOP-E5D7Q7V","msg":"Table products already exists"}
{"level":40,"time":1662422067186,"pid":8860,"hostname":"DESKTOP-E5D7Q7V","msg":"Table products already exists"}
{"level":40,"time":1662423138987,"pid":5600,"hostname":"DESKTOP-E5D7Q7V","msg":"Table products already exists"}
{"level":40,"time":1662424069993,"pid":1096,"hostname":"DESKTOP-E5D7Q7V","msg":"Table products already exists"}
{"level":40,"time":1662424321629,"pid":12516,"hostname":"DESKTOP-E5D7Q7V","msg":"Table products already exists"}
{"level":40,"time":1662424402389,"pid":18776,"hostname":"DESKTOP-E5D7Q7V","msg":"Table products already exists"}
{"level":40,"time":1662425126631,"pid":16924,"hostname":"DESKTOP-E5D7Q7V","msg":"Table products already exists"}
{"level":40,"time":1662425650465,"pid":14092,"hostname":"DESKTOP-E5D7Q7V","msg":"Table products already exists"}
{"level":40,"time":1662426236214,"pid":6676,"hostname":"DESKTOP-E5D7Q7V","msg":"Table products already exists"}
{"level":40,"time":1663014812378,"pid":13792,"hostname":"DESKTOP-E5D7Q7V","msg":"Table products already exists"}
{"level":40,"time":1663014834361,"pid":13792,"hostname":"DESKTOP-E5D7Q7V","msg":"GET / not found"}
{"level":40,"time":1663014834628,"pid":13792,"hostname":"DESKTOP-E5D7Q7V","msg":"GET /favicon.ico not found"}
{"level":40,"time":1663014846628,"pid":13792,"hostname":"DESKTOP-E5D7Q7V","msg":"GET /app/products-test not found"}
{"level":40,"time":1663014855505,"pid":13792,"hostname":"DESKTOP-E5D7Q7V","msg":"GET /app/products-test not found"}
{"level":40,"time":1663019188310,"pid":7888,"hostname":"DESKTOP-E5D7Q7V","msg":"Table products already exists"}
{"level":40,"time":1663019198260,"pid":7888,"hostname":"DESKTOP-E5D7Q7V","msg":"GET / not found"}
{"level":40,"time":1663019411900,"pid":7872,"hostname":"DESKTOP-E5D7Q7V","msg":"Table products already exists"}
{"level":40,"time":1663020099499,"pid":1120,"hostname":"DESKTOP-E5D7Q7V","msg":"Table products already exists"}
{"level":40,"time":1663020589322,"pid":280,"hostname":"DESKTOP-E5D7Q7V","msg":"Table products already exists"}
{"level":40,"time":1663021067288,"pid":6192,"hostname":"DESKTOP-E5D7Q7V","msg":"Table products already exists"}
{"level":40,"time":1663021496441,"pid":736,"hostname":"DESKTOP-E5D7Q7V","msg":"Table products already exists"}
{"level":40,"time":1663021723429,"pid":17016,"hostname":"DESKTOP-E5D7Q7V","msg":"Table products already exists"}
{"level":40,"time":1663022008104,"pid":7112,"hostname":"DESKTOP-E5D7Q7V","msg":"Table products already exists"}
{"level":40,"time":1663022066287,"pid":15968,"hostname":"DESKTOP-E5D7Q7V","msg":"Table products already exists"}
{"level":40,"time":1663022278024,"pid":7052,"hostname":"DESKTOP-E5D7Q7V","msg":"Table products already exists"}
{"level":40,"time":1663022396870,"pid":5644,"hostname":"DESKTOP-E5D7Q7V","msg":"Table products already exists"}
{"level":40,"time":1663022589399,"pid":5644,"hostname":"DESKTOP-E5D7Q7V","msg":"GET /unfetch.umd.js.map not found"}
{"level":40,"time":1663022589407,"pid":5644,"hostname":"DESKTOP-E5D7Q7V","msg":"GET /graphiql.min.js.map not found"}
{"level":40,"time":1663022915980,"pid":9892,"hostname":"DESKTOP-E5D7Q7V","msg":"Table products already exists"}
{"level":40,"time":1663022973540,"pid":4456,"hostname":"DESKTOP-E5D7Q7V","msg":"Table products already exists"}
{"level":40,"time":1663023123721,"pid":16060,"hostname":"DESKTOP-E5D7Q7V","msg":"Table products already exists"}
{"level":40,"time":1663023170998,"pid":7396,"hostname":"DESKTOP-E5D7Q7V","msg":"Table products already exists"}
{"level":40,"time":1663023244140,"pid":14648,"hostname":"DESKTOP-E5D7Q7V","msg":"Table products already exists"}
{"level":40,"time":1663023384909,"pid":4304,"hostname":"DESKTOP-E5D7Q7V","msg":"Table products already exists"}
{"level":40,"time":1663023666012,"pid":12792,"hostname":"DESKTOP-E5D7Q7V","msg":"Table products already exists"}
{"level":40,"time":1663023859216,"pid":4864,"hostname":"DESKTOP-E5D7Q7V","msg":"Table products already exists"}
{"level":40,"time":1663024324084,"pid":13608,"hostname":"DESKTOP-E5D7Q7V","msg":"Table products already exists"}
{"level":40,"time":1663024331065,"pid":13608,"hostname":"DESKTOP-E5D7Q7V","msg":"GET /graph not found"}
{"level":40,"time":1663024383500,"pid":18756,"hostname":"DESKTOP-E5D7Q7V","msg":"Table products already exists"}
{"level":40,"time":1663024525070,"pid":16240,"hostname":"DESKTOP-E5D7Q7V","msg":"Table products already exists"}
{"level":40,"time":1663024534097,"pid":16240,"hostname":"DESKTOP-E5D7Q7V","msg":"GET /unfetch.umd.js.map not found"}
{"level":40,"time":1663024534304,"pid":16240,"hostname":"DESKTOP-E5D7Q7V","msg":"GET /graphiql.min.js.map not found"}
{"level":40,"time":1663024581553,"pid":4892,"hostname":"DESKTOP-E5D7Q7V","msg":"Table products already exists"}
{"level":40,"time":1663024613148,"pid":4892,"hostname":"DESKTOP-E5D7Q7V","msg":"GET /unfetch.umd.js.map not found"}
{"level":40,"time":1663024613472,"pid":4892,"hostname":"DESKTOP-E5D7Q7V","msg":"GET /graphiql.min.js.map not found"}
{"level":40,"time":1663024804004,"pid":11512,"hostname":"DESKTOP-E5D7Q7V","msg":"Table products already exists"}
{"level":40,"time":1663024815023,"pid":11512,"hostname":"DESKTOP-E5D7Q7V","msg":"GET /unfetch.umd.js.map not found"}
{"level":40,"time":1663024815440,"pid":11512,"hostname":"DESKTOP-E5D7Q7V","msg":"GET /graphiql.min.js.map not found"}
{"level":40,"time":1663024879792,"pid":10876,"hostname":"DESKTOP-E5D7Q7V","msg":"Table products already exists"}
{"level":40,"time":1663024885153,"pid":10876,"hostname":"DESKTOP-E5D7Q7V","msg":"GET /unfetch.umd.js.map not found"}
{"level":40,"time":1663024885384,"pid":10876,"hostname":"DESKTOP-E5D7Q7V","msg":"GET /graphiql.min.js.map not found"}
{"level":40,"time":1663025121538,"pid":4456,"hostname":"DESKTOP-E5D7Q7V","msg":"Table products already exists"}
{"level":40,"time":1663025141499,"pid":4456,"hostname":"DESKTOP-E5D7Q7V","msg":"GET /unfetch.umd.js.map not found"}
{"level":40,"time":1663025141700,"pid":4456,"hostname":"DESKTOP-E5D7Q7V","msg":"GET /graphiql.min.js.map not found"}
{"level":40,"time":1663025402414,"pid":1100,"hostname":"DESKTOP-E5D7Q7V","msg":"Table products already exists"}
{"level":40,"time":1663025409613,"pid":1100,"hostname":"DESKTOP-E5D7Q7V","msg":"GET /unfetch.umd.js.map not found"}
{"level":40,"time":1663025409927,"pid":1100,"hostname":"DESKTOP-E5D7Q7V","msg":"GET /graphiql.min.js.map not found"}
{"level":40,"time":1663025771198,"pid":6940,"hostname":"DESKTOP-E5D7Q7V","msg":"Table products already exists"}
{"level":40,"time":1663027117982,"pid":1668,"hostname":"DESKTOP-E5D7Q7V","msg":"Table products already exists"}
{"level":40,"time":1663027130197,"pid":1668,"hostname":"DESKTOP-E5D7Q7V","msg":"GET /unfetch.umd.js.map not found"}
{"level":40,"time":1663027130605,"pid":1668,"hostname":"DESKTOP-E5D7Q7V","msg":"GET /graphiql.min.js.map not found"}
{"level":40,"time":1663027405517,"pid":14716,"hostname":"DESKTOP-E5D7Q7V","msg":"Table products already exists"}
{"level":40,"time":1663027573321,"pid":13568,"hostname":"DESKTOP-E5D7Q7V","msg":"Table products already exists"}
{"level":40,"time":1663027582739,"pid":13568,"hostname":"DESKTOP-E5D7Q7V","msg":"GET /unfetch.umd.js.map not found"}
{"level":40,"time":1663027583234,"pid":13568,"hostname":"DESKTOP-E5D7Q7V","msg":"GET /graphiql.min.js.map not found"}
{"level":40,"time":1663027863534,"pid":1720,"hostname":"DESKTOP-E5D7Q7V","msg":"Table products already exists"}
{"level":40,"time":1663027885656,"pid":1720,"hostname":"DESKTOP-E5D7Q7V","msg":"GET /unfetch.umd.js.map not found"}
{"level":40,"time":1663027886126,"pid":1720,"hostname":"DESKTOP-E5D7Q7V","msg":"GET /graphiql.min.js.map not found"}
{"level":40,"time":1663028309090,"pid":12496,"hostname":"DESKTOP-E5D7Q7V","msg":"Table products already exists"}
{"level":40,"time":1663028317789,"pid":12496,"hostname":"DESKTOP-E5D7Q7V","msg":"GET /unfetch.umd.js.map not found"}
{"level":40,"time":1663028318729,"pid":12496,"hostname":"DESKTOP-E5D7Q7V","msg":"GET /graphiql.min.js.map not found"}
{"level":40,"time":1663028518542,"pid":12964,"hostname":"DESKTOP-E5D7Q7V","msg":"Table products already exists"}
{"level":40,"time":1663028523110,"pid":12964,"hostname":"DESKTOP-E5D7Q7V","msg":"GET /unfetch.umd.js.map not found"}
{"level":40,"time":1663028523950,"pid":12964,"hostname":"DESKTOP-E5D7Q7V","msg":"GET /graphiql.min.js.map not found"}
{"level":40,"time":1663028903700,"pid":5728,"hostname":"DESKTOP-E5D7Q7V","msg":"Table products already exists"}
{"level":40,"time":1663028909376,"pid":5728,"hostname":"DESKTOP-E5D7Q7V","msg":"GET /unfetch.umd.js.map not found"}
{"level":40,"time":1663028909707,"pid":5728,"hostname":"DESKTOP-E5D7Q7V","msg":"GET /graphiql.min.js.map not found"}
{"level":40,"time":1663029041236,"pid":6592,"hostname":"DESKTOP-E5D7Q7V","msg":"Table products already exists"}
{"level":40,"time":1663029065349,"pid":6592,"hostname":"DESKTOP-E5D7Q7V","msg":"GET /unfetch.umd.js.map not found"}
{"level":40,"time":1663029065718,"pid":6592,"hostname":"DESKTOP-E5D7Q7V","msg":"GET /graphiql.min.js.map not found"}
{"level":40,"time":1663029199781,"pid":10952,"hostname":"DESKTOP-E5D7Q7V","msg":"Table products already exists"}
{"level":40,"time":1663029217596,"pid":2320,"hostname":"DESKTOP-E5D7Q7V","msg":"Table products already exists"}
{"level":40,"time":1663029231767,"pid":2320,"hostname":"DESKTOP-E5D7Q7V","msg":"GET /unfetch.umd.js.map not found"}
{"level":40,"time":1663029232144,"pid":2320,"hostname":"DESKTOP-E5D7Q7V","msg":"GET /graphiql.min.js.map not found"}
{"level":40,"time":1663029294926,"pid":9428,"hostname":"DESKTOP-E5D7Q7V","msg":"Table products already exists"}
{"level":40,"time":1663029352938,"pid":13168,"hostname":"DESKTOP-E5D7Q7V","msg":"Table products already exists"}
{"level":40,"time":1663029358031,"pid":13168,"hostname":"DESKTOP-E5D7Q7V","msg":"GET /unfetch.umd.js.map not found"}
{"level":40,"time":1663029358439,"pid":13168,"hostname":"DESKTOP-E5D7Q7V","msg":"GET /graphiql.min.js.map not found"}
{"level":40,"time":1663029599051,"pid":5088,"hostname":"DESKTOP-E5D7Q7V","msg":"Table products already exists"}
{"level":40,"time":1663029604929,"pid":5088,"hostname":"DESKTOP-E5D7Q7V","msg":"GET /unfetch.umd.js.map not found"}
{"level":40,"time":1663029605306,"pid":5088,"hostname":"DESKTOP-E5D7Q7V","msg":"GET /graphiql.min.js.map not found"}
{"level":40,"time":1663029736981,"pid":17168,"hostname":"DESKTOP-E5D7Q7V","msg":"Table products already exists"}
{"level":40,"time":1663029786043,"pid":14916,"hostname":"DESKTOP-E5D7Q7V","msg":"Table products already exists"}
{"level":40,"time":1663029792702,"pid":14916,"hostname":"DESKTOP-E5D7Q7V","msg":"GET /unfetch.umd.js.map not found"}
{"level":40,"time":1663029793396,"pid":14916,"hostname":"DESKTOP-E5D7Q7V","msg":"GET /graphiql.min.js.map not found"}
{"level":40,"time":1663030096228,"pid":8056,"hostname":"DESKTOP-E5D7Q7V","msg":"Table products already exists"}
{"level":40,"time":1663030112050,"pid":8056,"hostname":"DESKTOP-E5D7Q7V","msg":"GET /unfetch.umd.js.map not found"}
{"level":40,"time":1663030112702,"pid":8056,"hostname":"DESKTOP-E5D7Q7V","msg":"GET /graphiql.min.js.map not found"}
{"level":40,"time":1663030263743,"pid":19116,"hostname":"DESKTOP-E5D7Q7V","msg":"Table products already exists"}
{"level":40,"time":1663030571220,"pid":5316,"hostname":"DESKTOP-E5D7Q7V","msg":"Table products already exists"}
{"level":40,"time":1663376355764,"pid":15652,"hostname":"DESKTOP-E5D7Q7V","msg":"Table products already exists"}
{"level":40,"time":1663376363341,"pid":15652,"hostname":"DESKTOP-E5D7Q7V","msg":"GET / not found"}
{"level":40,"time":1663376363844,"pid":15652,"hostname":"DESKTOP-E5D7Q7V","msg":"GET /favicon.ico not found"}
{"level":40,"time":1663381875605,"pid":16524,"hostname":"DESKTOP-E5D7Q7V","msg":"Table products already exists"}
{"level":40,"time":1663382107169,"pid":3504,"hostname":"DESKTOP-E5D7Q7V","msg":"Table products already exists"}
{"level":40,"time":1663382203240,"pid":3732,"hostname":"DESKTOP-E5D7Q7V","msg":"Table products already exists"}
{"level":40,"time":1663382351451,"pid":2696,"hostname":"DESKTOP-E5D7Q7V","msg":"Table products already exists"}
{"level":40,"time":1663384397334,"pid":9704,"hostname":"DESKTOP-E5D7Q7V","msg":"Table products already exists"}
{"level":40,"time":1663384521397,"pid":7216,"hostname":"DESKTOP-E5D7Q7V","msg":"Table products already exists"}
{"level":40,"time":1663384584676,"pid":15976,"hostname":"DESKTOP-E5D7Q7V","msg":"Table products already exists"}
{"level":40,"time":1663384647732,"pid":10680,"hostname":"DESKTOP-E5D7Q7V","msg":"Table products already exists"}
{"level":40,"time":1663385661006,"pid":17216,"hostname":"DESKTOP-E5D7Q7V","msg":"Table products already exists"}
{"level":40,"time":1663385730429,"pid":10388,"hostname":"DESKTOP-E5D7Q7V","msg":"Table products already exists"}
{"level":40,"time":1663386158727,"pid":11256,"hostname":"DESKTOP-E5D7Q7V","msg":"Table products already exists"}
{"level":40,"time":1663386542928,"pid":3472,"hostname":"DESKTOP-E5D7Q7V","msg":"Table products already exists"}
{"level":40,"time":1663386833309,"pid":3644,"hostname":"DESKTOP-E5D7Q7V","msg":"Table products already exists"}
{"level":40,"time":1663387041365,"pid":11812,"hostname":"DESKTOP-E5D7Q7V","msg":"Table products already exists"}
{"level":40,"time":1663387155353,"pid":16740,"hostname":"DESKTOP-E5D7Q7V","msg":"Table products already exists"}
{"level":40,"time":1663387193614,"pid":14504,"hostname":"DESKTOP-E5D7Q7V","msg":"Table products already exists"}
{"level":40,"time":1663387258629,"pid":2256,"hostname":"DESKTOP-E5D7Q7V","msg":"Table products already exists"}
{"level":40,"time":1663387319040,"pid":3944,"hostname":"DESKTOP-E5D7Q7V","msg":"Table products already exists"}
{"level":40,"time":1663387394920,"pid":6956,"hostname":"DESKTOP-E5D7Q7V","msg":"Table products already exists"}
{"level":40,"time":1663388226222,"pid":16788,"hostname":"DESKTOP-E5D7Q7V","msg":"Table products already exists"}
{"level":40,"time":1663388331683,"pid":17604,"hostname":"DESKTOP-E5D7Q7V","msg":"Table products already exists"}
{"level":40,"time":1663388975748,"pid":18056,"hostname":"DESKTOP-E5D7Q7V","msg":"Table products already exists"}
{"level":40,"time":1663389055561,"pid":11068,"hostname":"DESKTOP-E5D7Q7V","msg":"Table products already exists"}
{"level":40,"time":1663389158338,"pid":15424,"hostname":"DESKTOP-E5D7Q7V","msg":"Table products already exists"}
{"level":40,"time":1663389455086,"pid":1756,"hostname":"DESKTOP-E5D7Q7V","msg":"Table products already exists"}
{"level":40,"time":1663389560394,"pid":244,"hostname":"DESKTOP-E5D7Q7V","msg":"Table products already exists"}
{"level":40,"time":1663389920364,"pid":10004,"hostname":"DESKTOP-E5D7Q7V","msg":"Table products already exists"}
{"level":40,"time":1663389959630,"pid":15356,"hostname":"DESKTOP-E5D7Q7V","msg":"Table products already exists"}
{"level":40,"time":1663390018704,"pid":4784,"hostname":"DESKTOP-E5D7Q7V","msg":"Table products already exists"}
{"level":40,"time":1663390249380,"pid":17316,"hostname":"DESKTOP-E5D7Q7V","msg":"Table products already exists"}
{"level":40,"time":1663390607385,"pid":5764,"hostname":"DESKTOP-E5D7Q7V","msg":"Table products already exists"}
{"level":40,"time":1663390782391,"pid":11804,"hostname":"DESKTOP-E5D7Q7V","msg":"Table products already exists"}
{"level":40,"time":1663390946872,"pid":13208,"hostname":"DESKTOP-E5D7Q7V","msg":"Table products already exists"}
{"level":40,"time":1663391152295,"pid":5532,"hostname":"DESKTOP-E5D7Q7V","msg":"Table products already exists"}
{"level":40,"time":1663391906688,"pid":11436,"hostname":"DESKTOP-E5D7Q7V","msg":"Table products already exists"}
{"level":40,"time":1663400615063,"pid":10572,"hostname":"DESKTOP-E5D7Q7V","msg":"Table products already exists"}
{"level":40,"time":1663400839539,"pid":7576,"hostname":"DESKTOP-E5D7Q7V","msg":"Table products already exists"}
{"level":40,"time":1663401985182,"pid":5780,"hostname":"DESKTOP-E5D7Q7V","msg":"Table products already exists"}
{"level":40,"time":1663402184262,"pid":14428,"hostname":"DESKTOP-E5D7Q7V","msg":"Table products already exists"}
{"level":40,"time":1663402249439,"pid":18184,"hostname":"DESKTOP-E5D7Q7V","msg":"Table products already exists"}
{"level":40,"time":1663402373117,"pid":18004,"hostname":"DESKTOP-E5D7Q7V","msg":"Table products already exists"}
{"level":40,"time":1663402696338,"pid":17312,"hostname":"DESKTOP-E5D7Q7V","msg":"Table products already exists"}
{"level":40,"time":1663404181020,"pid":15948,"hostname":"DESKTOP-E5D7Q7V","msg":"Table products already exists"}
{"level":40,"time":1663426371763,"pid":9196,"hostname":"DESKTOP-E5D7Q7V","msg":"Table products already exists"}
{"level":40,"time":1663426813137,"pid":13084,"hostname":"DESKTOP-E5D7Q7V","msg":"Table products already exists"}
{"level":40,"time":1663427054124,"pid":3828,"hostname":"DESKTOP-E5D7Q7V","msg":"Table products already exists"}
{"level":40,"time":1663427097354,"pid":8488,"hostname":"DESKTOP-E5D7Q7V","msg":"Table products already exists"}
{"level":40,"time":1663427227938,"pid":2496,"hostname":"DESKTOP-E5D7Q7V","msg":"Table products already exists"}
{"level":40,"time":1663427316669,"pid":14044,"hostname":"DESKTOP-E5D7Q7V","msg":"Table products already exists"}
{"level":40,"time":1663427449468,"pid":7976,"hostname":"DESKTOP-E5D7Q7V","msg":"Table products already exists"}
{"level":40,"time":1663427551598,"pid":6904,"hostname":"DESKTOP-E5D7Q7V","msg":"Table products already exists"}
{"level":40,"time":1663427691798,"pid":11096,"hostname":"DESKTOP-E5D7Q7V","msg":"Table products already exists"}
{"level":40,"time":1663428210290,"pid":10216,"hostname":"DESKTOP-E5D7Q7V","msg":"Table products already exists"}
{"level":40,"time":1663429882544,"pid":4564,"hostname":"DESKTOP-E5D7Q7V","msg":"Table products already exists"}
{"level":40,"time":1663430679995,"pid":14668,"hostname":"DESKTOP-E5D7Q7V","msg":"Table products already exists"}
{"level":40,"time":1663430755567,"pid":16292,"hostname":"DESKTOP-E5D7Q7V","msg":"Table products already exists"}
{"level":40,"time":1663430898747,"pid":7200,"hostname":"DESKTOP-E5D7Q7V","msg":"Table products already exists"}
{"level":40,"time":1663431102789,"pid":16084,"hostname":"DESKTOP-E5D7Q7V","msg":"Table products already exists"}
{"level":40,"time":1663431193587,"pid":4528,"hostname":"DESKTOP-E5D7Q7V","msg":"Table products already exists"}
{"level":40,"time":1663431332837,"pid":8428,"hostname":"DESKTOP-E5D7Q7V","msg":"Table products already exists"}
{"level":40,"time":1663431399420,"pid":10224,"hostname":"DESKTOP-E5D7Q7V","msg":"Table products already exists"}
{"level":40,"time":1663431578976,"pid":17840,"hostname":"DESKTOP-E5D7Q7V","msg":"Table products already exists"}
{"level":40,"time":1663432902572,"pid":8348,"hostname":"DESKTOP-E5D7Q7V","msg":"Table products already exists"}
{"level":40,"time":1663432960471,"pid":14276,"hostname":"DESKTOP-E5D7Q7V","msg":"Table products already exists"}
{"level":40,"time":1663433091193,"pid":5400,"hostname":"DESKTOP-E5D7Q7V","msg":"Table products already exists"}
{"level":40,"time":1663433228219,"pid":12988,"hostname":"DESKTOP-E5D7Q7V","msg":"Table products already exists"}
{"level":40,"time":1663433322327,"pid":10904,"hostname":"DESKTOP-E5D7Q7V","msg":"Table products already exists"}
{"level":40,"time":1663433374590,"pid":12804,"hostname":"DESKTOP-E5D7Q7V","msg":"Table products already exists"}
{"level":40,"time":1663433444330,"pid":2684,"hostname":"DESKTOP-E5D7Q7V","msg":"Table products already exists"}
{"level":40,"time":1663433509891,"pid":16648,"hostname":"DESKTOP-E5D7Q7V","msg":"Table products already exists"}
{"level":40,"time":1663433608866,"pid":6604,"hostname":"DESKTOP-E5D7Q7V","msg":"Table products already exists"}
{"level":40,"time":1663433642919,"pid":12800,"hostname":"DESKTOP-E5D7Q7V","msg":"Table products already exists"}
{"level":40,"time":1663433732808,"pid":11376,"hostname":"DESKTOP-E5D7Q7V","msg":"Table products already exists"}
{"level":40,"time":1663433754763,"pid":16680,"hostname":"DESKTOP-E5D7Q7V","msg":"Table products already exists"}
{"level":40,"time":1663434015875,"pid":11004,"hostname":"DESKTOP-E5D7Q7V","msg":"Table products already exists"}
{"level":40,"time":1663434165960,"pid":12348,"hostname":"DESKTOP-E5D7Q7V","msg":"Table products already exists"}
{"level":40,"time":1663434293506,"pid":11788,"hostname":"DESKTOP-E5D7Q7V","msg":"Table products already exists"}
{"level":40,"time":1663434335916,"pid":7776,"hostname":"DESKTOP-E5D7Q7V","msg":"Table products already exists"}
{"level":40,"time":1663434575087,"pid":12680,"hostname":"DESKTOP-E5D7Q7V","msg":"Table products already exists"}
{"level":40,"time":1663434909860,"pid":11672,"hostname":"DESKTOP-E5D7Q7V","msg":"Table products already exists"}
{"level":40,"time":1663434921605,"pid":12748,"hostname":"DESKTOP-E5D7Q7V","msg":"Table products already exists"}
{"level":40,"time":1663435265318,"pid":6764,"hostname":"DESKTOP-E5D7Q7V","msg":"Table products already exists"}
{"level":40,"time":1663435276731,"pid":6764,"hostname":"DESKTOP-E5D7Q7V","msg":"GET /app/fd not found"}
{"level":40,"time":1663435331826,"pid":6764,"hostname":"DESKTOP-E5D7Q7V","msg":"GET /socket.io/socket.io.js not found"}
{"level":40,"time":1663435345444,"pid":6764,"hostname":"DESKTOP-E5D7Q7V","msg":"GET /socket.io/socket.io.js not found"}
{"level":40,"time":1663435519393,"pid":3544,"hostname":"DESKTOP-E5D7Q7V","msg":"Table products already exists"}
{"level":40,"time":1663435524147,"pid":3544,"hostname":"DESKTOP-E5D7Q7V","msg":"GET /socket.io/?EIO=4&transport=polling&t=ODCUyW3 not found"}
{"level":40,"time":1663435524906,"pid":3544,"hostname":"DESKTOP-E5D7Q7V","msg":"GET /socket.io/?EIO=4&transport=polling&t=ODCUyiW not found"}
{"level":40,"time":1663435526055,"pid":3544,"hostname":"DESKTOP-E5D7Q7V","msg":"GET /socket.io/?EIO=4&transport=polling&t=ODCUy-S not found"}
{"level":40,"time":1663435530035,"pid":3544,"hostname":"DESKTOP-E5D7Q7V","msg":"GET /socket.io/?EIO=4&transport=polling&t=ODCUzyX not found"}
{"level":40,"time":1663435535064,"pid":3544,"hostname":"DESKTOP-E5D7Q7V","msg":"GET /socket.io/?EIO=4&transport=polling&t=ODCU_BA not found"}
{"level":40,"time":1663435540103,"pid":3544,"hostname":"DESKTOP-E5D7Q7V","msg":"GET /socket.io/?EIO=4&transport=polling&t=ODCV0Pt not found"}
{"level":40,"time":1663435545142,"pid":3544,"hostname":"DESKTOP-E5D7Q7V","msg":"GET /socket.io/?EIO=4&transport=polling&t=ODCV1ea not found"}
{"level":40,"time":1663435550167,"pid":3544,"hostname":"DESKTOP-E5D7Q7V","msg":"GET /socket.io/?EIO=4&transport=polling&t=ODCV2tB not found"}
{"level":40,"time":1663435555188,"pid":3544,"hostname":"DESKTOP-E5D7Q7V","msg":"GET /socket.io/?EIO=4&transport=polling&t=ODCV45f not found"}
{"level":40,"time":1663435560204,"pid":3544,"hostname":"DESKTOP-E5D7Q7V","msg":"GET /socket.io/?EIO=4&transport=polling&t=ODCV5K4 not found"}
{"level":40,"time":1663435565220,"pid":3544,"hostname":"DESKTOP-E5D7Q7V","msg":"GET /socket.io/?EIO=4&transport=polling&t=ODCV6YS not found"}
{"level":40,"time":1663435570248,"pid":3544,"hostname":"DESKTOP-E5D7Q7V","msg":"GET /socket.io/?EIO=4&transport=polling&t=ODCV7n0 not found"}
{"level":40,"time":1663435575260,"pid":3544,"hostname":"DESKTOP-E5D7Q7V","msg":"GET /socket.io/?EIO=4&transport=polling&t=ODCV8_J not found"}
{"level":40,"time":1663435657955,"pid":16680,"hostname":"DESKTOP-E5D7Q7V","msg":"Table products already exists"}
{"level":40,"time":1663435692759,"pid":16680,"hostname":"DESKTOP-E5D7Q7V","msg":"GET /socket.io/?EIO=4&transport=polling&t=ODCVbgM not found"}
{"level":40,"time":1663435693950,"pid":16680,"hostname":"DESKTOP-E5D7Q7V","msg":"GET /socket.io/?EIO=4&transport=polling&t=ODCVbzp not found"}
{"level":40,"time":1663435695287,"pid":16680,"hostname":"DESKTOP-E5D7Q7V","msg":"GET /socket.io/?EIO=4&transport=polling&t=ODCVcIi not found"}
{"level":40,"time":1663435967921,"pid":7948,"hostname":"DESKTOP-E5D7Q7V","msg":"Table products already exists"}
{"level":40,"time":1663435990862,"pid":7948,"hostname":"DESKTOP-E5D7Q7V","msg":"GET /socket.io/?EIO=4&transport=polling&t=ODCWkSx not found"}
{"level":40,"time":1663435992186,"pid":7948,"hostname":"DESKTOP-E5D7Q7V","msg":"GET /socket.io/?EIO=4&transport=polling&t=ODCWknn not found"}
{"level":40,"time":1663435994305,"pid":7948,"hostname":"DESKTOP-E5D7Q7V","msg":"GET /socket.io/?EIO=4&transport=polling&t=ODCWlIt not found"}
{"level":40,"time":1663435998230,"pid":7948,"hostname":"DESKTOP-E5D7Q7V","msg":"GET /socket.io/?EIO=4&transport=polling&t=ODCWmGC not found"}
{"level":40,"time":1663436003260,"pid":7948,"hostname":"DESKTOP-E5D7Q7V","msg":"GET /socket.io/?EIO=4&transport=polling&t=ODCWnUm not found"}
{"level":40,"time":1663436008282,"pid":7948,"hostname":"DESKTOP-E5D7Q7V","msg":"GET /socket.io/?EIO=4&transport=polling&t=ODCWojB not found"}
{"level":40,"time":1663436103304,"pid":9204,"hostname":"DESKTOP-E5D7Q7V","msg":"Table products already exists"}
{"level":40,"time":1663436132857,"pid":9204,"hostname":"DESKTOP-E5D7Q7V","msg":"GET /socket.io/?EIO=4&transport=polling&t=ODCXH77 not found"}
{"level":40,"time":1663436133732,"pid":9204,"hostname":"DESKTOP-E5D7Q7V","msg":"GET /socket.io/?EIO=4&transport=polling&t=ODCXHLL not found"}
{"level":40,"time":1663436156357,"pid":9204,"hostname":"DESKTOP-E5D7Q7V","msg":"GET /socket.io/?EIO=4&transport=polling&t=ODCXMrw not found"}
{"level":40,"time":1663436157818,"pid":9204,"hostname":"DESKTOP-E5D7Q7V","msg":"GET /socket.io/?EIO=4&transport=polling&t=ODCXNDg not found"}
{"level":40,"time":1663436159183,"pid":9204,"hostname":"DESKTOP-E5D7Q7V","msg":"GET /socket.io/?EIO=4&transport=polling&t=ODCXNYh not found"}
{"level":40,"time":1663436159765,"pid":9204,"hostname":"DESKTOP-E5D7Q7V","msg":"GET /socket.io/?EIO=4&transport=polling&t=ODCXNhm not found"}
{"level":40,"time":1663436160824,"pid":9204,"hostname":"DESKTOP-E5D7Q7V","msg":"GET /socket.io/?EIO=4&transport=polling&t=ODCXNym not found"}
{"level":40,"time":1663436162382,"pid":9204,"hostname":"DESKTOP-E5D7Q7V","msg":"GET /socket.io/?EIO=4&transport=polling&t=ODCXOL5 not found"}
{"level":40,"time":1663436167438,"pid":9204,"hostname":"DESKTOP-E5D7Q7V","msg":"GET /socket.io/?EIO=4&transport=polling&t=ODCXPZZ not found"}
{"level":40,"time":1663436169519,"pid":9204,"hostname":"DESKTOP-E5D7Q7V","msg":"GET /socket.io/?EIO=4&transport=polling&t=ODCXQ1A not found"}
{"level":40,"time":1663436170558,"pid":9204,"hostname":"DESKTOP-E5D7Q7V","msg":"GET /socket.io/?EIO=4&transport=polling&t=ODCXQKo not found"}
{"level":40,"time":1663436172733,"pid":9204,"hostname":"DESKTOP-E5D7Q7V","msg":"GET /socket.io/?EIO=4&transport=polling&t=ODCXQsn not found"}
{"level":40,"time":1663436175813,"pid":9204,"hostname":"DESKTOP-E5D7Q7V","msg":"GET /socket.io/?EIO=4&transport=polling&t=ODCXRcx not found"}
{"level":40,"time":1663436574254,"pid":10512,"hostname":"DESKTOP-E5D7Q7V","msg":"Table products already exists"}
{"level":40,"time":1663436577847,"pid":10512,"hostname":"DESKTOP-E5D7Q7V","msg":"GET /socket.io/?EIO=4&transport=polling&t=ODCYzlu not found"}
{"level":40,"time":1663436624240,"pid":17128,"hostname":"DESKTOP-E5D7Q7V","msg":"Table products already exists"}
{"level":40,"time":1663436627569,"pid":17128,"hostname":"DESKTOP-E5D7Q7V","msg":"GET /socket.io/?EIO=4&transport=polling&t=ODCZ9un not found"}
{"level":40,"time":1663436628317,"pid":17128,"hostname":"DESKTOP-E5D7Q7V","msg":"GET /socket.io/?EIO=4&transport=polling&t=ODCZA5K not found"}
{"level":40,"time":1663436631320,"pid":17128,"hostname":"DESKTOP-E5D7Q7V","msg":"GET /socket.io/?EIO=4&transport=polling&t=ODCZAqF not found"}
{"level":40,"time":1663436635278,"pid":17128,"hostname":"DESKTOP-E5D7Q7V","msg":"GET /socket.io/?EIO=4&transport=polling&t=ODCZBo2 not found"}
{"level":40,"time":1663436640312,"pid":17128,"hostname":"DESKTOP-E5D7Q7V","msg":"GET /socket.io/?EIO=4&transport=polling&t=ODCZD0f not found"}
{"level":40,"time":1663436645347,"pid":17128,"hostname":"DESKTOP-E5D7Q7V","msg":"GET /socket.io/?EIO=4&transport=polling&t=ODCZEFM not found"}
{"level":40,"time":1663436650377,"pid":17128,"hostname":"DESKTOP-E5D7Q7V","msg":"GET /socket.io/?EIO=4&transport=polling&t=ODCZFTu not found"}
{"level":40,"time":1663436655405,"pid":17128,"hostname":"DESKTOP-E5D7Q7V","msg":"GET /socket.io/?EIO=4&transport=polling&t=ODCZGiY not found"}
{"level":40,"time":1663436660438,"pid":17128,"hostname":"DESKTOP-E5D7Q7V","msg":"GET /socket.io/?EIO=4&transport=polling&t=ODCZHxA not found"}
{"level":40,"time":1663436665459,"pid":17128,"hostname":"DESKTOP-E5D7Q7V","msg":"GET /socket.io/?EIO=4&transport=polling&t=ODCZJ9g not found"}
{"level":40,"time":1663436722303,"pid":1072,"hostname":"DESKTOP-E5D7Q7V","msg":"Table products already exists"}
{"level":40,"time":1663436722334,"pid":1072,"hostname":"DESKTOP-E5D7Q7V","msg":"GET /socket.io/?EIO=4&transport=polling&t=ODCZWaR not found"}
{"level":40,"time":1663436726653,"pid":1072,"hostname":"DESKTOP-E5D7Q7V","msg":"GET /socket.io/?EIO=4&transport=polling&t=ODCZY5i not found"}
{"level":40,"time":1663436727986,"pid":1072,"hostname":"DESKTOP-E5D7Q7V","msg":"GET /socket.io/?EIO=4&transport=polling&t=ODCZYQg not found"}
{"level":40,"time":1663436729368,"pid":1072,"hostname":"DESKTOP-E5D7Q7V","msg":"GET /socket.io/?EIO=4&transport=polling&t=ODCZYmD not found"}
{"level":40,"time":1663436733637,"pid":1072,"hostname":"DESKTOP-E5D7Q7V","msg":"GET /socket.io/?EIO=4&transport=polling&t=ODCZZow not found"}
{"level":40,"time":1663436738669,"pid":1072,"hostname":"DESKTOP-E5D7Q7V","msg":"GET /socket.io/?EIO=4&transport=polling&t=ODCZb1Y not found"}
{"level":40,"time":1663436743702,"pid":1072,"hostname":"DESKTOP-E5D7Q7V","msg":"GET /socket.io/?EIO=4&transport=polling&t=ODCZcGC not found"}
{"level":40,"time":1663436748736,"pid":1072,"hostname":"DESKTOP-E5D7Q7V","msg":"GET /socket.io/?EIO=4&transport=polling&t=ODCZdUr not found"}
{"level":40,"time":1663436753766,"pid":1072,"hostname":"DESKTOP-E5D7Q7V","msg":"GET /socket.io/?EIO=4&transport=polling&t=ODCZejL not found"}
{"level":40,"time":1663436758829,"pid":1072,"hostname":"DESKTOP-E5D7Q7V","msg":"GET /socket.io/?EIO=4&transport=polling&t=ODCZfyT not found"}
{"level":40,"time":1663436763863,"pid":1072,"hostname":"DESKTOP-E5D7Q7V","msg":"GET /socket.io/?EIO=4&transport=polling&t=ODCZhBB not found"}
{"level":40,"time":1663437132836,"pid":11972,"hostname":"DESKTOP-E5D7Q7V","msg":"Table products already exists"}
{"level":40,"time":1663437483868,"pid":5212,"hostname":"DESKTOP-E5D7Q7V","msg":"Table products already exists"}
{"level":40,"time":1663437701558,"pid":1132,"hostname":"DESKTOP-E5D7Q7V","msg":"Table products already exists"}
{"level":40,"time":1663437823703,"pid":11284,"hostname":"DESKTOP-E5D7Q7V","msg":"Table products already exists"}
{"level":40,"time":1663438371642,"pid":11704,"hostname":"DESKTOP-E5D7Q7V","msg":"Table products already exists"}
{"level":40,"time":1663438473447,"pid":13828,"hostname":"DESKTOP-E5D7Q7V","msg":"Table products already exists"}
{"level":40,"time":1663439478867,"pid":15096,"hostname":"DESKTOP-E5D7Q7V","msg":"Table products already exists"}
{"level":40,"time":1663442142973,"pid":368,"hostname":"DESKTOP-E5D7Q7V","msg":"Table products already exists"}
{"level":40,"time":1663442258874,"pid":8668,"hostname":"DESKTOP-E5D7Q7V","msg":"Table products already exists"}
{"level":40,"time":1663442705671,"pid":2744,"hostname":"DESKTOP-E5D7Q7V","msg":"Table products already exists"}
{"level":40,"time":1663442830960,"pid":6496,"hostname":"DESKTOP-E5D7Q7V","msg":"Table products already exists"}
{"level":40,"time":1663443108578,"pid":5412,"hostname":"DESKTOP-E5D7Q7V","msg":"Table products already exists"}
{"level":40,"time":1663443330758,"pid":17144,"hostname":"DESKTOP-E5D7Q7V","msg":"Table products already exists"}
{"level":40,"time":1663443436422,"pid":8952,"hostname":"DESKTOP-E5D7Q7V","msg":"Table products already exists"}
{"level":40,"time":1663443499549,"pid":12492,"hostname":"DESKTOP-E5D7Q7V","msg":"Table products already exists"}
{"level":40,"time":1663443543550,"pid":15236,"hostname":"DESKTOP-E5D7Q7V","msg":"Table products already exists"}
{"level":40,"time":1663443671065,"pid":900,"hostname":"DESKTOP-E5D7Q7V","msg":"Table products already exists"}
{"level":40,"time":1663443706701,"pid":15884,"hostname":"DESKTOP-E5D7Q7V","msg":"Table products already exists"}
{"level":40,"time":1663443737436,"pid":5436,"hostname":"DESKTOP-E5D7Q7V","msg":"Table products already exists"}
{"level":40,"time":1663443812480,"pid":4944,"hostname":"DESKTOP-E5D7Q7V","msg":"Table products already exists"}
{"level":40,"time":1663443891772,"pid":8,"hostname":"DESKTOP-E5D7Q7V","msg":"Table products already exists"}
{"level":40,"time":1663444065221,"pid":10284,"hostname":"DESKTOP-E5D7Q7V","msg":"Table products already exists"}
{"level":40,"time":1663444484771,"pid":684,"hostname":"DESKTOP-E5D7Q7V","msg":"Table products already exists"}
{"level":40,"time":1663444750439,"pid":11304,"hostname":"DESKTOP-E5D7Q7V","msg":"Table products already exists"}
{"level":40,"time":1663444863862,"pid":11304,"hostname":"DESKTOP-E5D7Q7V","msg":"GET /graphql not found"}
{"level":40,"time":1663444935932,"pid":11304,"hostname":"DESKTOP-E5D7Q7V","msg":"GET /app/info not found"}
{"level":40,"time":1663444990095,"pid":11304,"hostname":"DESKTOP-E5D7Q7V","msg":"GET / not found"}
{"level":40,"time":1663445104716,"pid":9272,"hostname":"DESKTOP-E5D7Q7V","msg":"Table products already exists"}
{"level":40,"time":1663445115201,"pid":9272,"hostname":"DESKTOP-E5D7Q7V","msg":"GET /graphql not found"}
{"level":40,"time":1663445458984,"pid":10336,"hostname":"DESKTOP-E5D7Q7V","msg":"Table products already exists"}
{"level":40,"time":1663445465019,"pid":10336,"hostname":"DESKTOP-E5D7Q7V","msg":"GET /graphql not found"}
{"level":40,"time":1663445506420,"pid":820,"hostname":"DESKTOP-E5D7Q7V","msg":"Table products already exists"}
{"level":40,"time":1663445537516,"pid":820,"hostname":"DESKTOP-E5D7Q7V","msg":"GET /graphql not found"}
{"level":40,"time":1663445744315,"pid":2392,"hostname":"DESKTOP-E5D7Q7V","msg":"Table products already exists"}
{"level":40,"time":1663445750647,"pid":2392,"hostname":"DESKTOP-E5D7Q7V","msg":"GET /graphql not found"}
{"level":40,"time":1663446173936,"pid":16772,"hostname":"DESKTOP-E5D7Q7V","msg":"Table products already exists"}
{"level":40,"time":1663446561720,"pid":3236,"hostname":"DESKTOP-E5D7Q7V","msg":"Table products already exists"}
{"level":40,"time":1663446602967,"pid":3236,"hostname":"DESKTOP-E5D7Q7V","msg":"GET /graphiql not found"}
{"level":40,"time":1663446661077,"pid":2732,"hostname":"DESKTOP-E5D7Q7V","msg":"Table products already exists"}
{"level":40,"time":1663446713739,"pid":2368,"hostname":"DESKTOP-E5D7Q7V","msg":"Table products already exists"}
